<?xml version="1.0" encoding="UTF-8"?>
<!-- Generated by org.testng.reporters.JUnitReportReporter -->
<testsuite hostname="MacBook-Air.local" failures="0" tests="1" name="pomPack.test.LoginTest" time="21.625" errors="0" timestamp="15 May 2020 17:53:26 GMT" skipped="0">
  <testcase classname="pomPack.test.LoginTest" name="testLogin" time="21.625"/>
</testsuite> <!-- pomPack.test.LoginTest -->
